This file contains any messages produced by compilers while
running configure, to aid debugging if configure makes a mistake.

It was created by cteq-pdf configure 1.0.4, which was
generated by GNU Autoconf 2.69.  Invocation command line was

  $ ./configure --prefix=/data/tools/cteq-pdf-1.0.4

## --------- ##
## Platform. ##
## --------- ##

hostname = B212
uname -m = x86_64
uname -r = 5.13.0-37-generic
uname -s = Linux
uname -v = #42~20.04.1-Ubuntu SMP Tue Mar 15 15:44:28 UTC 2022

/usr/bin/uname -p = x86_64
/bin/uname -X     = unknown

/bin/arch              = x86_64
/usr/bin/arch -k       = unknown
/usr/convex/getsysinfo = unknown
/usr/bin/hostinfo      = unknown
/bin/machine           = unknown
/usr/bin/oslevel       = unknown
/bin/universe          = unknown

PATH: /usr/local/sbin
PATH: /usr/local/bin
PATH: /usr/sbin
PATH: /usr/bin
PATH: /sbin
PATH: /bin
PATH: /usr/games
PATH: /usr/local/games
PATH: /snap/bin


## ----------- ##
## Core tests. ##
## ----------- ##

configure:2435: checking for a BSD-compatible install
configure:2503: result: /usr/bin/install -c
configure:2514: checking whether build environment is sane
configure:2551: result: yes
configure:2576: checking for a thread-safe mkdir -p
configure:2615: result: /usr/bin/mkdir -p
configure:2628: checking for gawk
configure:2658: result: no
configure:2628: checking for mawk
configure:2644: found /usr/bin/mawk
configure:2655: result: mawk
configure:2666: checking whether make sets $(MAKE)
configure:2688: result: yes
configure:2906: checking build system type
configure:2920: result: x86_64-unknown-linux-gnu
configure:2940: checking host system type
configure:2953: result: x86_64-unknown-linux-gnu
configure:2985: checking for style of include used by make
configure:3013: result: GNU
configure:3083: checking for gcc
configure:3099: found /usr/bin/gcc
configure:3110: result: gcc
configure:3339: checking for C compiler version
configure:3348: gcc --version >&5
gcc (Ubuntu 9.4.0-1ubuntu1~20.04.1) 9.4.0
Copyright (C) 2019 Free Software Foundation, Inc.
This is free software; see the source for copying conditions.  There is NO
warranty; not even for MERCHANTABILITY or FITNESS FOR A PARTICULAR PURPOSE.

configure:3359: $? = 0
configure:3348: gcc -v >&5
Using built-in specs.
COLLECT_GCC=gcc
COLLECT_LTO_WRAPPER=/usr/lib/gcc/x86_64-linux-gnu/9/lto-wrapper
OFFLOAD_TARGET_NAMES=nvptx-none:hsa
OFFLOAD_TARGET_DEFAULT=1
Target: x86_64-linux-gnu
Configured with: ../src/configure -v --with-pkgversion='Ubuntu 9.4.0-1ubuntu1~20.04.1' --with-bugurl=file:///usr/share/doc/gcc-9/README.Bugs --enable-languages=c,ada,c++,go,brig,d,fortran,objc,obj-c++,gm2 --prefix=/usr --with-gcc-major-version-only --program-suffix=-9 --program-prefix=x86_64-linux-gnu- --enable-shared --enable-linker-build-id --libexecdir=/usr/lib --without-included-gettext --enable-threads=posix --libdir=/usr/lib --enable-nls --enable-clocale=gnu --enable-libstdcxx-debug --enable-libstdcxx-time=yes --with-default-libstdcxx-abi=new --enable-gnu-unique-object --disable-vtable-verify --enable-plugin --enable-default-pie --with-system-zlib --with-target-system-zlib=auto --enable-objc-gc=auto --enable-multiarch --disable-werror --with-arch-32=i686 --with-abi=m64 --with-multilib-list=m32,m64,mx32 --enable-multilib --with-tune=generic --enable-offload-targets=nvptx-none=/build/gcc-9-Av3uEd/gcc-9-9.4.0/debian/tmp-nvptx/usr,hsa --without-cuda-driver --enable-checking=release --build=x86_64-linux-gnu --host=x86_64-linux-gnu --target=x86_64-linux-gnu
Thread model: posix
gcc version 9.4.0 (Ubuntu 9.4.0-1ubuntu1~20.04.1) 
configure:3359: $? = 0
configure:3348: gcc -V >&5
gcc: error: unrecognized command line option '-V'
gcc: fatal error: no input files
compilation terminated.
configure:3359: $? = 1
configure:3348: gcc -qversion >&5
gcc: error: unrecognized command line option '-qversion'; did you mean '--version'?
gcc: fatal error: no input files
compilation terminated.
configure:3359: $? = 1
configure:3379: checking whether the C compiler works
configure:3401: gcc    conftest.c  >&5
configure:3405: $? = 0
configure:3453: result: yes
configure:3456: checking for C compiler default output file name
configure:3458: result: a.out
configure:3464: checking for suffix of executables
configure:3471: gcc -o conftest    conftest.c  >&5
configure:3475: $? = 0
configure:3497: result: 
configure:3519: checking whether we are cross compiling
configure:3527: gcc -o conftest    conftest.c  >&5
configure:3531: $? = 0
configure:3538: ./conftest
configure:3542: $? = 0
configure:3530: result: no
configure:3535: checking for suffix of object files
configure:3557: gcc -c   conftest.c >&5
configure:3561: $? = 0
configure:3582: result: o
configure:3586: checking whether we are using the GNU C compiler
configure:3605: gcc -c   conftest.c >&5
configure:3605: $? = 0
configure:3614: result: yes
configure:3623: checking whether gcc accepts -g
configure:3643: gcc -c -g  conftest.c >&5
configure:3643: $? = 0
configure:3684: result: yes
configure:3701: checking for gcc option to accept ISO C89
configure:3764: gcc  -c -g -O2  conftest.c >&5
configure:3764: $? = 0
configure:3777: result: none needed
configure:3799: checking dependency style of gcc
configure:3890: result: gcc3
configure:3905: checking for a sed that does not truncate output
configure:3969: result: /usr/bin/sed
configure:3987: checking for grep that handles long lines and -e
configure:4045: result: /usr/bin/grep
configure:4050: checking for egrep
configure:4112: result: /usr/bin/grep -E
configure:4117: checking for fgrep
configure:4179: result: /usr/bin/grep -F
configure:4214: checking for ld used by gcc
configure:4281: result: /usr/bin/ld
configure:4288: checking if the linker (/usr/bin/ld) is GNU ld
configure:4303: result: yes
configure:4315: checking for BSD- or MS-compatible name lister (nm)
configure:4364: result: /usr/bin/nm -B
configure:4482: checking the name lister (/usr/bin/nm -B) interface
configure:4520: gcc -c -g -O2  conftest.c >&5
configure:4523: /usr/bin/nm -B "conftest.o"
configure:4526: output
0000000000000000 B some_variable
configure:4496: result: BSD nm
configure:4499: checking whether ln -s works
configure:4503: result: yes
configure:4511: checking the maximum length of command line arguments
configure:4631: result: 1572864
configure:4648: checking whether the shell understands some XSI constructs
configure:4657: result: yes
configure:4661: checking whether the shell understands "+="
configure:4665: result: yes
configure:4700: checking for /usr/bin/ld option to reload object files
configure:4707: result: -r
configure:4776: checking for objdump
configure:4792: found /usr/bin/objdump
configure:4803: result: objdump
configure:4835: checking how to recognize dependent libraries
configure:5031: result: pass_all
configure:5091: checking for ar
configure:5107: found /usr/bin/ar
configure:5118: result: ar
configure:5196: checking for strip
configure:5212: found /usr/bin/strip
configure:5223: result: strip
configure:5295: checking for ranlib
configure:5311: found /usr/bin/ranlib
configure:5322: result: ranlib
configure:5412: checking command to parse /usr/bin/nm -B output from gcc object
configure:5530: gcc -c -g -O2  conftest.c >&5
configure:5533: $? = 0
configure:5537: /usr/bin/nm -B conftest.o \| sed -n -e 's/^.*[	 ]\([ABCDGIRSTW][ABCDGIRSTW]*\)[	 ][	 ]*\([_A-Za-z][_A-Za-z0-9]*\)$/\1 \2 \2/p' \> conftest.nm
configure:5540: $? = 0
configure:5594: gcc -o conftest -g -O2   conftest.c conftstm.o >&5
configure:5597: $? = 0
configure:5635: result: ok
configure:5731: gcc -c -g -O2  conftest.c >&5
configure:5734: $? = 0
configure:6444: checking how to run the C preprocessor
configure:6475: gcc -E  conftest.c
configure:6475: $? = 0
configure:6489: gcc -E  conftest.c
conftest.c:11:10: fatal error: ac_nonexistent.h: No such file or directory
   11 | #include <ac_nonexistent.h>
      |          ^~~~~~~~~~~~~~~~~~
compilation terminated.
configure:6489: $? = 1
configure: failed program was:
| /* confdefs.h */
| #define PACKAGE_NAME "cteq-pdf"
| #define PACKAGE_TARNAME "cteq-pdf"
| #define PACKAGE_VERSION "1.0.4"
| #define PACKAGE_STRING "cteq-pdf 1.0.4"
| #define PACKAGE_BUGREPORT "Zoltan.Nagy@cern.ch"
| #define PACKAGE_URL ""
| #define PACKAGE "cteq-pdf"
| #define VERSION "1.0.4"
| /* end confdefs.h.  */
| #include <ac_nonexistent.h>
configure:6514: result: gcc -E
configure:6534: gcc -E  conftest.c
configure:6534: $? = 0
configure:6548: gcc -E  conftest.c
conftest.c:11:10: fatal error: ac_nonexistent.h: No such file or directory
   11 | #include <ac_nonexistent.h>
      |          ^~~~~~~~~~~~~~~~~~
compilation terminated.
configure:6548: $? = 1
configure: failed program was:
| /* confdefs.h */
| #define PACKAGE_NAME "cteq-pdf"
| #define PACKAGE_TARNAME "cteq-pdf"
| #define PACKAGE_VERSION "1.0.4"
| #define PACKAGE_STRING "cteq-pdf 1.0.4"
| #define PACKAGE_BUGREPORT "Zoltan.Nagy@cern.ch"
| #define PACKAGE_URL ""
| #define PACKAGE "cteq-pdf"
| #define VERSION "1.0.4"
| /* end confdefs.h.  */
| #include <ac_nonexistent.h>
configure:6577: checking for ANSI C header files
configure:6597: gcc -c -g -O2  conftest.c >&5
configure:6597: $? = 0
configure:6670: gcc -o conftest -g -O2   conftest.c  >&5
configure:6670: $? = 0
configure:6670: ./conftest
configure:6670: $? = 0
configure:6681: result: yes
configure:6694: checking for sys/types.h
configure:6694: gcc -c -g -O2  conftest.c >&5
configure:6694: $? = 0
configure:6694: result: yes
configure:6694: checking for sys/stat.h
configure:6694: gcc -c -g -O2  conftest.c >&5
configure:6694: $? = 0
configure:6694: result: yes
configure:6694: checking for stdlib.h
configure:6694: gcc -c -g -O2  conftest.c >&5
configure:6694: $? = 0
configure:6694: result: yes
configure:6694: checking for string.h
configure:6694: gcc -c -g -O2  conftest.c >&5
configure:6694: $? = 0
configure:6694: result: yes
configure:6694: checking for memory.h
configure:6694: gcc -c -g -O2  conftest.c >&5
configure:6694: $? = 0
configure:6694: result: yes
configure:6694: checking for strings.h
configure:6694: gcc -c -g -O2  conftest.c >&5
configure:6694: $? = 0
configure:6694: result: yes
configure:6694: checking for inttypes.h
configure:6694: gcc -c -g -O2  conftest.c >&5
configure:6694: $? = 0
configure:6694: result: yes
configure:6694: checking for stdint.h
configure:6694: gcc -c -g -O2  conftest.c >&5
configure:6694: $? = 0
configure:6694: result: yes
configure:6694: checking for unistd.h
configure:6694: gcc -c -g -O2  conftest.c >&5
configure:6694: $? = 0
configure:6694: result: yes
configure:6708: checking for dlfcn.h
configure:6708: gcc -c -g -O2  conftest.c >&5
configure:6708: $? = 0
configure:6708: result: yes
configure:6892: checking for objdir
configure:6907: result: .libs
configure:7199: checking if gcc supports -fno-rtti -fno-exceptions
configure:7257: gcc -c -g -O2  -fno-rtti -fno-exceptions conftest.c >&5
cc1: warning: command line option '-fno-rtti' is valid for C++/D/ObjC++ but not for C
configure:7261: $? = 0
configure:7234: result: no
configure:7254: checking for gcc option to produce PIC
configure:7526: result: -fPIC -DPIC
configure:7538: checking if gcc PIC flag -fPIC -DPIC works
configure:7596: gcc -c -g -O2  -fPIC -DPIC -DPIC conftest.c >&5
configure:7600: $? = 0
configure:7573: result: yes
configure:7597: checking if gcc static flag -static works
configure:7625: result: yes
configure:7640: checking if gcc supports -c -o file.o
configure:7701: gcc -c -g -O2  -o out/conftest2.o conftest.c >&5
configure:7705: $? = 0
configure:7687: result: yes
configure:7695: checking if gcc supports -c -o file.o
configure:7742: result: yes
configure:7775: checking whether the gcc linker (/usr/bin/ld -m elf_x86_64) supports shared libraries
configure:8761: result: yes
configure:8798: checking whether -lc should be explicitly linked in
configure:8803: gcc -c -g -O2  conftest.c >&5
configure:8806: $? = 0
configure:8821: gcc -shared conftest.o  -v -Wl,-soname -Wl,conftest -o conftest 2\>\&1 \| /usr/bin/grep  -lc  \>/dev/null 2\>\&1
configure:8824: $? = 0
configure:8836: result: no
configure:9000: checking dynamic linker characteristics
configure:9433: gcc -o conftest -g -O2   -Wl,-rpath -Wl,/foo conftest.c  >&5
configure:9433: $? = 0
configure:9651: result: GNU/Linux ld.so
configure:9753: checking how to hardcode library paths into programs
configure:9778: result: immediate
configure:10298: checking whether stripping libraries is possible
configure:10303: result: yes
configure:10338: checking if libtool supports shared libraries
configure:10340: result: yes
configure:10343: checking whether to build shared libraries
configure:10364: result: yes
configure:10367: checking whether to build static libraries
configure:10371: result: yes
configure:7739: checking for gcc
configure:7766: result: gcc
configure:7995: checking for C compiler version
configure:8004: gcc --version >&5
gcc (Ubuntu 9.4.0-1ubuntu1~20.04.1) 9.4.0
Copyright (C) 2019 Free Software Foundation, Inc.
This is free software; see the source for copying conditions.  There is NO
warranty; not even for MERCHANTABILITY or FITNESS FOR A PARTICULAR PURPOSE.

configure:8015: $? = 0
configure:8004: gcc -v >&5
Using built-in specs.
COLLECT_GCC=gcc
COLLECT_LTO_WRAPPER=/usr/lib/gcc/x86_64-linux-gnu/9/lto-wrapper
OFFLOAD_TARGET_NAMES=nvptx-none:hsa
OFFLOAD_TARGET_DEFAULT=1
Target: x86_64-linux-gnu
Configured with: ../src/configure -v --with-pkgversion='Ubuntu 9.4.0-1ubuntu1~20.04.1' --with-bugurl=file:///usr/share/doc/gcc-9/README.Bugs --enable-languages=c,ada,c++,go,brig,d,fortran,objc,obj-c++,gm2 --prefix=/usr --with-gcc-major-version-only --program-suffix=-9 --program-prefix=x86_64-linux-gnu- --enable-shared --enable-linker-build-id --libexecdir=/usr/lib --without-included-gettext --enable-threads=posix --libdir=/usr/lib --enable-nls --enable-clocale=gnu --enable-libstdcxx-debug --enable-libstdcxx-time=yes --with-default-libstdcxx-abi=new --enable-gnu-unique-object --disable-vtable-verify --enable-plugin --enable-default-pie --with-system-zlib --with-target-system-zlib=auto --enable-objc-gc=auto --enable-multiarch --disable-werror --with-arch-32=i686 --with-abi=m64 --with-multilib-list=m32,m64,mx32 --enable-multilib --with-tune=generic --enable-offload-targets=nvptx-none=/build/gcc-9-Av3uEd/gcc-9-9.4.0/debian/tmp-nvptx/usr,hsa --without-cuda-driver --enable-checking=release --build=x86_64-linux-gnu --host=x86_64-linux-gnu --target=x86_64-linux-gnu
Thread model: posix
gcc version 9.4.0 (Ubuntu 9.4.0-1ubuntu1~20.04.1) 
configure:8015: $? = 0
configure:8004: gcc -V >&5
gcc: error: unrecognized command line option '-V'
gcc: fatal error: no input files
compilation terminated.
configure:8015: $? = 1
configure:8004: gcc -qversion >&5
gcc: error: unrecognized command line option '-qversion'; did you mean '--version'?
gcc: fatal error: no input files
compilation terminated.
configure:8015: $? = 1
configure:8019: checking whether we are using the GNU C compiler
configure:8047: result: yes
configure:8056: checking whether gcc accepts -g
configure:8117: result: yes
configure:8134: checking for gcc option to accept ISO C89
configure:8210: result: none needed
configure:8232: checking dependency style of gcc
configure:8323: result: gcc3
configure:8340: checking for cos in -lm
configure:8365: gcc -o conftest -g -O2   conftest.c -lm   >&5
conftest.c:30:6: warning: conflicting types for built-in function 'cos'; expected 'double(double)' [-Wbuiltin-declaration-mismatch]
   30 | char cos ();
      |      ^~~
conftest.c:1:1: note: 'cos' is declared in header '<math.h>'
    1 | /* confdefs.h */
configure:8365: $? = 0
configure:8374: result: yes
configure:8387: checking for ANSI C header files
configure:8491: result: yes
configure:8502: checking for stdlib.h
configure:8502: result: yes
configure:8502: checking for string.h
configure:8502: result: yes
configure:8514: checking for an ANSI C-conforming const
configure:8580: gcc -c -g -O2  conftest.c >&5
configure:8580: $? = 0
configure:8587: result: yes
configure:8595: checking for size_t
configure:8595: gcc -c -g -O2  conftest.c >&5
configure:8595: $? = 0
configure:8595: gcc -c -g -O2  conftest.c >&5
conftest.c: In function 'main':
conftest.c:63:21: error: expected expression before ')' token
   63 | if (sizeof ((size_t)))
      |                     ^
configure:8595: $? = 1
configure: failed program was:
| /* confdefs.h */
| #define PACKAGE_NAME "cteq-pdf"
| #define PACKAGE_TARNAME "cteq-pdf"
| #define PACKAGE_VERSION "1.0.4"
| #define PACKAGE_STRING "cteq-pdf 1.0.4"
| #define PACKAGE_BUGREPORT "Zoltan.Nagy@cern.ch"
| #define PACKAGE_URL ""
| #define PACKAGE "cteq-pdf"
| #define VERSION "1.0.4"
| #define STDC_HEADERS 1
| #define HAVE_SYS_TYPES_H 1
| #define HAVE_SYS_STAT_H 1
| #define HAVE_STDLIB_H 1
| #define HAVE_STRING_H 1
| #define HAVE_MEMORY_H 1
| #define HAVE_STRINGS_H 1
| #define HAVE_INTTYPES_H 1
| #define HAVE_STDINT_H 1
| #define HAVE_UNISTD_H 1
| #define HAVE_DLFCN_H 1
| #define LT_OBJDIR ".libs/"
| #define HAVE_LIBM 1
| #define STDC_HEADERS 1
| #define HAVE_STDLIB_H 1
| #define HAVE_STRING_H 1
| /* end confdefs.h.  */
| #include <stdio.h>
| #ifdef HAVE_SYS_TYPES_H
| # include <sys/types.h>
| #endif
| #ifdef HAVE_SYS_STAT_H
| # include <sys/stat.h>
| #endif
| #ifdef STDC_HEADERS
| # include <stdlib.h>
| # include <stddef.h>
| #else
| # ifdef HAVE_STDLIB_H
| #  include <stdlib.h>
| # endif
| #endif
| #ifdef HAVE_STRING_H
| # if !defined STDC_HEADERS && defined HAVE_MEMORY_H
| #  include <memory.h>
| # endif
| # include <string.h>
| #endif
| #ifdef HAVE_STRINGS_H
| # include <strings.h>
| #endif
| #ifdef HAVE_INTTYPES_H
| # include <inttypes.h>
| #endif
| #ifdef HAVE_STDINT_H
| # include <stdint.h>
| #endif
| #ifdef HAVE_UNISTD_H
| # include <unistd.h>
| #endif
| int
| main ()
| {
| if (sizeof ((size_t)))
| 	    return 0;
|   ;
|   return 0;
| }
configure:8595: result: yes
configure:8610: checking for stdlib.h
configure:8610: result: yes
configure:8620: checking for GNU libc compatible malloc
configure:8644: gcc -o conftest -g -O2   conftest.c -lm  >&5
configure:8644: $? = 0
configure:8644: ./conftest
configure:8644: $? = 0
configure:8654: result: yes
configure:8677: checking for pow
configure:8677: gcc -o conftest -g -O2   conftest.c -lm  >&5
conftest.c:52:6: warning: conflicting types for built-in function 'pow'; expected 'double(double,  double)' [-Wbuiltin-declaration-mismatch]
   52 | char pow ();
      |      ^~~
conftest.c:40:1: note: 'pow' is declared in header '<math.h>'
   39 | # include <limits.h>
   40 | #else
configure:8677: $? = 0
configure:8677: result: yes
configure:8808: creating ./config.status

## ---------------------- ##
## Running config.status. ##
## ---------------------- ##

This file was extended by cteq-pdf config.status 1.0.4, which was
generated by GNU Autoconf 2.69.  Invocation command line was

  CONFIG_FILES    = 
  CONFIG_HEADERS  = 
  CONFIG_LINKS    = 
  CONFIG_COMMANDS = 
  $ ./config.status 

on B212

config.status:1073: creating Makefile
config.status:1073: creating src/Makefile
config.status:1073: creating cteq-tbls/Makefile
config.status:1073: creating cteq-tbls/cteq6/Makefile
config.status:1073: creating cteq-tbls/cteq6m/Makefile
config.status:1073: creating cteq-tbls/cteq6std/Makefile
config.status:1073: creating cteq-tbls/cteq61/Makefile
config.status:1059: error: cannot find input file: `cteq-tbls/ctq65-pds/Makefile.in'

## ---------------- ##
## Cache variables. ##
## ---------------- ##

ac_cv_build=x86_64-unknown-linux-gnu
ac_cv_c_compiler_gnu=yes
ac_cv_c_const=yes
ac_cv_env_CC_set=
ac_cv_env_CC_value=
ac_cv_env_CFLAGS_set=
ac_cv_env_CFLAGS_value=
ac_cv_env_CPPFLAGS_set=
ac_cv_env_CPPFLAGS_value=
ac_cv_env_CPP_set=
ac_cv_env_CPP_value=
ac_cv_env_LDFLAGS_set=
ac_cv_env_LDFLAGS_value=
ac_cv_env_LIBS_set=
ac_cv_env_LIBS_value=
ac_cv_env_build_alias_set=
ac_cv_env_build_alias_value=
ac_cv_env_host_alias_set=
ac_cv_env_host_alias_value=
ac_cv_env_target_alias_set=
ac_cv_env_target_alias_value=
ac_cv_func_malloc_0_nonnull=yes
ac_cv_func_pow=yes
ac_cv_header_dlfcn_h=yes
ac_cv_header_inttypes_h=yes
ac_cv_header_memory_h=yes
ac_cv_header_stdc=yes
ac_cv_header_stdint_h=yes
ac_cv_header_stdlib_h=yes
ac_cv_header_string_h=yes
ac_cv_header_strings_h=yes
ac_cv_header_sys_stat_h=yes
ac_cv_header_sys_types_h=yes
ac_cv_header_unistd_h=yes
ac_cv_host=x86_64-unknown-linux-gnu
ac_cv_lib_m_cos=yes
ac_cv_objext=o
ac_cv_path_EGREP='/usr/bin/grep -E'
ac_cv_path_FGREP='/usr/bin/grep -F'
ac_cv_path_GREP=/usr/bin/grep
ac_cv_path_SED=/usr/bin/sed
ac_cv_path_install='/usr/bin/install -c'
ac_cv_path_mkdir=/usr/bin/mkdir
ac_cv_prog_AWK=mawk
ac_cv_prog_CPP='gcc -E'
ac_cv_prog_ac_ct_AR=ar
ac_cv_prog_ac_ct_CC=gcc
ac_cv_prog_ac_ct_OBJDUMP=objdump
ac_cv_prog_ac_ct_RANLIB=ranlib
ac_cv_prog_ac_ct_STRIP=strip
ac_cv_prog_cc_c89=
ac_cv_prog_cc_g=yes
ac_cv_prog_make_make_set=yes
ac_cv_type_size_t=yes
am_cv_CC_dependencies_compiler_type=gcc3
lt_cv_deplibs_check_method=pass_all
lt_cv_file_magic_cmd='$MAGIC_CMD'
lt_cv_file_magic_test_file=
lt_cv_ld_reload_flag=-r
lt_cv_nm_interface='BSD nm'
lt_cv_objdir=.libs
lt_cv_path_LD=/usr/bin/ld
lt_cv_path_NM='/usr/bin/nm -B'
lt_cv_prog_compiler_c_o=yes
lt_cv_prog_compiler_pic_works=yes
lt_cv_prog_compiler_rtti_exceptions=no
lt_cv_prog_compiler_static_works=yes
lt_cv_prog_gnu_ld=yes
lt_cv_sys_global_symbol_pipe='sed -n -e '\''s/^.*[	 ]\([ABCDGIRSTW][ABCDGIRSTW]*\)[	 ][	 ]*\([_A-Za-z][_A-Za-z0-9]*\)$/\1 \2 \2/p'\'''
lt_cv_sys_global_symbol_to_c_name_address='sed -n -e '\''s/^: \([^ ]*\) $/  {\"\1\", (void *) 0},/p'\'' -e '\''s/^[ABCDGIRSTW]* \([^ ]*\) \([^ ]*\)$/  {"\2", (void *) \&\2},/p'\'''
lt_cv_sys_global_symbol_to_c_name_address_lib_prefix='sed -n -e '\''s/^: \([^ ]*\) $/  {\"\1\", (void *) 0},/p'\'' -e '\''s/^[ABCDGIRSTW]* \([^ ]*\) \(lib[^ ]*\)$/  {"\2", (void *) \&\2},/p'\'' -e '\''s/^[ABCDGIRSTW]* \([^ ]*\) \([^ ]*\)$/  {"lib\2", (void *) \&\2},/p'\'''
lt_cv_sys_global_symbol_to_cdecl='sed -n -e '\''s/^T .* \(.*\)$/extern int \1();/p'\'' -e '\''s/^[ABCDGIRSTW]* .* \(.*\)$/extern char \1;/p'\'''
lt_cv_sys_max_cmd_len=1572864

## ----------------- ##
## Output variables. ##
## ----------------- ##

ACLOCAL='${SHELL} /data/yez/GetSIDIS/CTEQ6/cteq-pdf-1.0.4/missing --run aclocal-1.10'
AMDEPBACKSLASH='\'
AMDEP_FALSE='#'
AMDEP_TRUE=''
AMTAR='${SHELL} /data/yez/GetSIDIS/CTEQ6/cteq-pdf-1.0.4/missing --run tar'
AR='ar'
AUTOCONF='${SHELL} /data/yez/GetSIDIS/CTEQ6/cteq-pdf-1.0.4/missing --run autoconf'
AUTOHEADER='${SHELL} /data/yez/GetSIDIS/CTEQ6/cteq-pdf-1.0.4/missing --run autoheader'
AUTOMAKE='${SHELL} /data/yez/GetSIDIS/CTEQ6/cteq-pdf-1.0.4/missing --run automake-1.10'
AWK='mawk'
CC='gcc'
CCDEPMODE='depmode=gcc3'
CFLAGS='-g -O2'
CPP='gcc -E'
CPPFLAGS=''
CYGPATH_W='echo'
DEFS='-DHAVE_CONFIG_H'
DEPDIR='.deps'
DSYMUTIL=''
DUMPBIN=''
ECHO_C=''
ECHO_N='-n'
ECHO_T=''
EGREP='/usr/bin/grep -E'
EXEEXT=''
FGREP='/usr/bin/grep -F'
GREP='/usr/bin/grep'
INSTALL_DATA='${INSTALL} -m 644'
INSTALL_PROGRAM='${INSTALL}'
INSTALL_SCRIPT='${INSTALL}'
INSTALL_STRIP_PROGRAM='$(install_sh) -c -s'
LD='/usr/bin/ld -m elf_x86_64'
LDFLAGS=''
LIBOBJS=''
LIBS='-lm '
LIBTOOL='$(SHELL) $(top_builddir)/libtool'
LIPO=''
LN_S='ln -s'
LTLIBOBJS=''
MAKEINFO='${SHELL} /data/yez/GetSIDIS/CTEQ6/cteq-pdf-1.0.4/missing --run makeinfo'
MKDIR_P='/usr/bin/mkdir -p'
NM='/usr/bin/nm -B'
NMEDIT=''
OBJDUMP='objdump'
OBJEXT='o'
OTOOL64=''
OTOOL=''
PACKAGE='cteq-pdf'
PACKAGE_BUGREPORT='Zoltan.Nagy@cern.ch'
PACKAGE_NAME='cteq-pdf'
PACKAGE_STRING='cteq-pdf 1.0.4'
PACKAGE_TARNAME='cteq-pdf'
PACKAGE_URL=''
PACKAGE_VERSION='1.0.4'
PATH_SEPARATOR=':'
RANLIB='ranlib'
SED='/usr/bin/sed'
SET_MAKE=''
SHELL='/bin/bash'
STRIP='strip'
VERSION='1.0.4'
ac_ct_CC='gcc'
ac_ct_DUMPBIN=''
am__fastdepCC_FALSE='#'
am__fastdepCC_TRUE=''
am__include='include'
am__isrc=''
am__leading_dot='.'
am__quote=''
am__tar='${AMTAR} chof - "$$tardir"'
am__untar='${AMTAR} xf -'
bindir='${exec_prefix}/bin'
build='x86_64-unknown-linux-gnu'
build_alias=''
build_cpu='x86_64'
build_os='linux-gnu'
build_vendor='unknown'
datadir='${datarootdir}'
datarootdir='${prefix}/share'
docdir='${datarootdir}/doc/${PACKAGE_TARNAME}'
dvidir='${docdir}'
exec_prefix='${prefix}'
host='x86_64-unknown-linux-gnu'
host_alias=''
host_cpu='x86_64'
host_os='linux-gnu'
host_vendor='unknown'
htmldir='${docdir}'
includedir='${prefix}/include'
infodir='${datarootdir}/info'
install_sh='$(SHELL) /data/yez/GetSIDIS/CTEQ6/cteq-pdf-1.0.4/install-sh'
libdir='${exec_prefix}/lib'
libexecdir='${exec_prefix}/libexec'
localedir='${datarootdir}/locale'
localstatedir='${prefix}/var'
lt_ECHO='echo'
mandir='${datarootdir}/man'
mkdir_p='/usr/bin/mkdir -p'
oldincludedir='/usr/include'
pdfdir='${docdir}'
prefix='/data/tools/cteq-pdf-1.0.4'
program_transform_name='s,x,x,'
psdir='${docdir}'
runstatedir='${localstatedir}/run'
sbindir='${exec_prefix}/sbin'
sharedstatedir='${prefix}/com'
sysconfdir='${prefix}/etc'
target_alias=''

## ----------- ##
## confdefs.h. ##
## ----------- ##

/* confdefs.h */
#define PACKAGE_NAME "cteq-pdf"
#define PACKAGE_TARNAME "cteq-pdf"
#define PACKAGE_VERSION "1.0.4"
#define PACKAGE_STRING "cteq-pdf 1.0.4"
#define PACKAGE_BUGREPORT "Zoltan.Nagy@cern.ch"
#define PACKAGE_URL ""
#define PACKAGE "cteq-pdf"
#define VERSION "1.0.4"
#define STDC_HEADERS 1
#define HAVE_SYS_TYPES_H 1
#define HAVE_SYS_STAT_H 1
#define HAVE_STDLIB_H 1
#define HAVE_STRING_H 1
#define HAVE_MEMORY_H 1
#define HAVE_STRINGS_H 1
#define HAVE_INTTYPES_H 1
#define HAVE_STDINT_H 1
#define HAVE_UNISTD_H 1
#define HAVE_DLFCN_H 1
#define LT_OBJDIR ".libs/"
#define HAVE_LIBM 1
#define STDC_HEADERS 1
#define HAVE_STDLIB_H 1
#define HAVE_STRING_H 1
#define HAVE_STDLIB_H 1
#define HAVE_MALLOC 1
#define HAVE_POW 1

configure: exit 1

## ---------------------- ##
## Running config.status. ##
## ---------------------- ##

This file was extended by cteq-pdf config.status 1.0.4, which was
generated by GNU Autoconf 2.69.  Invocation command line was

  CONFIG_FILES    = 
  CONFIG_HEADERS  = 
  CONFIG_LINKS    = 
  CONFIG_COMMANDS = 
  $ ./config.status config.h

on B212

config.status:1073: creating config.h
config.status:1254: config.h is unchanged
